<?xml version="1.0" encoding="UTF-8"?>
<testsuite xmlns:xsi="http://www.w3.org/2001/XMLSchema-instance" xsi:noNamespaceSchemaLocation="https://maven.apache.org/surefire/maven-surefire-plugin/xsd/surefire-test-report-3.0.xsd" version="3.0" name="com.st6.ChristmasLED.ChristmasLEDApplicationTests" time="6.326" tests="1" errors="0" skipped="0" failures="0">
  <properties>
[...]
</properties>
  <testcase name="contextLoads" classname="com.st6.ChristmasLED.ChristmasLEDApplicationTests" time="1.487">
    <system-out><![CDATA[14:31:40.605 [main] INFO org.springframework.test.context.support.AnnotationConfigContextLoaderUtils -- Could not detect default configuration classes for test class [com.st6.ChristmasLED.ChristmasLEDApplicationTests]: ChristmasLEDApplicationTests does not declare any static, non-private, non-final, nested classes annotated with @Configuration.
14:31:41.018 [main] INFO org.springframework.boot.test.context.SpringBootTestContextBootstrapper -- Found @SpringBootConfiguration com.st6.ChristmasLED.ChristmasLEDApplication for test class com.st6.ChristmasLED.ChristmasLEDApplicationTests

  .   ____          _            __ _ _
 /\\ / ___'_ __ _ _(_)_ __  __ _ \ \ \ \
( ( )\___ | '_ | '_| | '_ \/ _` | \ \ \ \
 \\/  ___)| |_)| | | | | || (_| |  ) ) ) )
  '  |____| .__|_| |_|_| |_\__, | / / / /
 =========|_|==============|___/=/_/_/_/
 :: Spring Boot ::                (v3.1.5)

2023-11-04T14:31:41.924-07:00  INFO 2848 --- [           main] c.s.C.ChristmasLEDApplicationTests       : Starting ChristmasLEDApplicationTests using Java 20.0.2 with PID 2848 (started by rayki in C:\Users\rayki\IdeaProjects\ChristmasLED)
2023-11-04T14:31:41.927-07:00  INFO 2848 --- [           main] c.s.C.ChristmasLEDApplicationTests       : No active profile set, falling back to 1 default profile: "default"
2023-11-04T14:31:44.521-07:00  INFO 2848 --- [           main] o.s.b.a.w.s.WelcomePageHandlerMapping    : Adding welcome page: class path resource [public/index.html]
2023-11-04T14:31:44.836-07:00  INFO 2848 --- [           main] c.s.C.ChristmasLEDApplicationTests       : Started ChristmasLEDApplicationTests in 3.477 seconds (process running for 6.316)
Squidward's 2006 Honda Civic
]]></system-out>
    <system-err><![CDATA[SLF4J: Class path contains multiple SLF4J providers.
SLF4J: Found provider [ch.qos.logback.classic.spi.LogbackServiceProvider@bcec361]
SLF4J: Found provider [org.tinylog.slf4j.TinylogSlf4jServiceProvider@26794848]
SLF4J: See https://www.slf4j.org/codes.html#multiple_bindings for an explanation.
SLF4J: Actual provider is of type [ch.qos.logback.classic.spi.LogbackServiceProvider@bcec361]
]]></system-err>
  </testcase>
</testsuite>